{
  "RSpec": {
    "coverage": {
      "/home/camillo/rails_app/simple_store/app/models/user.rb": [
        1,
        null,
        null,
        1,
        null,
        null,
        1,
        null
      ],
      "/home/camillo/rails_app/simple_store/app/helpers/admin_helper.rb": [
        1,
        null
      ],
      "/home/camillo/rails_app/simple_store/app/helpers/admin/category_helper.rb": [
        1,
        null
      ],
      "/home/camillo/rails_app/simple_store/app/helpers/application_helper.rb": [
        1,
        1,
        2,
        1,
        null,
        1,
        null,
        null,
        null,
        1,
        2,
        1,
        null,
        1,
        null,
        null,
        null
      ],
      "/home/camillo/rails_app/simple_store/app/helpers/catalog_helper.rb": [
        1,
        null
      ],
      "/home/camillo/rails_app/simple_store/app/controllers/admin/categories_controller.rb": [
        1,
        1,
        1,
        2,
        null,
        null,
        1,
        2,
        null,
        null,
        1,
        4,
        4,
        3,
        null,
        1,
        null,
        null,
        null,
        1,
        null,
        null,
        1,
        3,
        2,
        null,
        1,
        null,
        null,
        null,
        1,
        3,
        3,
        null,
        3,
        null,
        null,
        1,
        null,
        1,
        8,
        null,
        null,
        1,
        7,
        null,
        null
      ],
      "/home/camillo/rails_app/simple_store/app/controllers/admin/home_controller.rb": [
        1,
        1,
        1,
        1,
        2,
        2,
        2,
        null,
        null,
        1,
        51,
        1,
        null,
        null,
        null
      ],
      "/home/camillo/rails_app/simple_store/app/controllers/application_controller.rb": [
        1,
        null,
        null,
        1,
        1,
        null,
        1,
        6,
        6,
        6,
        6,
        null,
        null,
        1,
        61,
        2,
        null,
        59,
        59,
        null,
        61,
        null,
        null
      ],
      "/home/camillo/rails_app/simple_store/app/controllers/admin/games_controller.rb": [
        1,
        1,
        1,
        2,
        null,
        null,
        1,
        2,
        null,
        null,
        1,
        4,
        4,
        3,
        null,
        1,
        null,
        null,
        null,
        1,
        null,
        null,
        1,
        3,
        2,
        null,
        1,
        null,
        null,
        null,
        1,
        3,
        3,
        null,
        3,
        null,
        null,
        1,
        null,
        1,
        8,
        null,
        null,
        1,
        7,
        7,
        null,
        null
      ],
      "/home/camillo/rails_app/simple_store/app/controllers/admin/users_controller.rb": [
        1,
        1,
        1,
        2,
        null,
        null,
        1,
        2,
        null,
        null,
        1,
        4,
        4,
        3,
        null,
        1,
        null,
        null,
        null,
        1,
        null,
        null,
        1,
        3,
        2,
        null,
        1,
        null,
        null,
        null,
        1,
        3,
        3,
        null,
        3,
        null,
        null,
        1,
        null,
        1,
        8,
        null,
        null,
        1,
        7,
        null,
        null
      ],
      "/home/camillo/rails_app/simple_store/app/controllers/catalog_controller.rb": [
        1,
        1,
        1,
        4,
        4,
        4,
        null,
        null,
        1,
        12,
        null,
        null,
        1,
        4,
        null,
        null,
        null
      ],
      "/home/camillo/rails_app/simple_store/app/models/category.rb": [
        1,
        1,
        1,
        null,
        1,
        null
      ],
      "/home/camillo/rails_app/simple_store/app/models/game.rb": [
        1,
        1,
        1,
        1,
        null,
        1,
        1,
        null,
        1,
        1,
        null,
        5,
        5,
        5,
        null,
        1,
        94,
        94,
        null,
        null
      ]
    },
    "timestamp": 1469792500
  }
}
